<?xml version="1.0" encoding="UTF-8"?>
<!-- Generated by org.testng.reporters.JUnitReportReporter -->
<testsuite hostname="HP" failures="0" tests="1" name="A_KiteTest.ValidateKiteUserID" time="52.017" errors="0" timestamp="2022-06-30T18:18:50 IST" skipped="0">
  <testcase classname="A_KiteTest.ValidateKiteUserID" name="validateUserID" time="52.017"/>
  <system-out/>
</testsuite> <!-- A_KiteTest.ValidateKiteUserID -->
