<?xml version="1.0" encoding="UTF-8"?>
<!-- Generated by org.testng.reporters.JUnitReportReporter -->
<testsuite hostname="HP" failures="0" tests="1" name="TestNGAssertMethodAndVerification.MultipleVerification" time="0.020" errors="0" timestamp="2022-06-29T13:13:37 IST" skipped="0">
  <testcase classname="TestNGAssertMethodAndVerification.MultipleVerification" name="method" time="0.020"/>
  <system-out/>
</testsuite> <!-- TestNGAssertMethodAndVerification.MultipleVerification -->
