<?xml version="1.0" encoding="UTF-8"?>
<!-- Generated by org.testng.reporters.JUnitReportReporter -->
<testsuite hostname="HP" failures="0" tests="1" name="TestNGSeriesAndParallelExecution.myExecution1" time="49.745" errors="0" timestamp="2022-06-26T15:21:31 IST" skipped="0">
  <testcase classname="TestNGSeriesAndParallelExecution.myExecution1" name="velocity" time="49.745"/>
  <system-out/>
</testsuite> <!-- TestNGSeriesAndParallelExecution.myExecution1 -->
