<?xml version="1.0" encoding="UTF-8"?>
<!-- Generated by org.testng.reporters.JUnitReportReporter -->
<testsuite hostname="HP" failures="0" tests="1" name="TestNGStudy.AnnotationTakingDirectClass" time="0.020" errors="0" timestamp="2022-06-22T17:51:57 IST" skipped="0">
  <testcase classname="TestNGStudy.AnnotationTakingDirectClass" name="rechargePhone" time="0.020"/>
  <system-out>
    <![CDATA[Recharge done]]>
  </system-out>
</testsuite> <!-- TestNGStudy.AnnotationTakingDirectClass -->
