<?xml version="1.0" encoding="UTF-8"?>
<!-- Generated by org.testng.reporters.JUnitReportReporter -->
<testsuite hostname="HP" failures="0" tests="2" name="TestNGStudy.AnnotationStudy" time="0.035" errors="0" timestamp="2022-06-22T17:51:57 IST" skipped="0">
  <testcase classname="TestNGStudy.AnnotationStudy" name="validateDashBoard" time="0.016"/>
  <system-out>
    <![CDATA[DashBoard Validated]]>
  </system-out>
  <testcase classname="TestNGStudy.AnnotationStudy" name="validateUserID" time="0.019"/>
  <system-out>
    <![CDATA[User ID Validated]]>
  </system-out>
</testsuite> <!-- TestNGStudy.AnnotationStudy -->
