<?xml version="1.0" encoding="UTF-8"?>
<!-- Generated by org.testng.reporters.JUnitReportReporter -->
<testsuite hostname="HP" failures="0" tests="2" name="TestNGGrouping.myClass1" time="0.025" errors="0" timestamp="2022-06-24T13:31:13 IST" skipped="0">
  <testcase classname="TestNGGrouping.myClass1" name="c" time="0.003"/>
  <system-out>
    <![CDATA[c is running,regression]]>
  </system-out>
  <testcase classname="TestNGGrouping.myClass1" name="b" time="0.022"/>
  <system-out>
    <![CDATA[b is running]]>
  </system-out>
</testsuite> <!-- TestNGGrouping.myClass1 -->
