<?xml version="1.0" encoding="UTF-8"?>
<!-- Generated by org.testng.reporters.JUnitReportReporter -->
<testsuite hostname="HP" failures="0" tests="3" name="TestNGKeyWords.EnableUse" time="0.020" errors="0" timestamp="2022-06-23T13:08:55 IST" skipped="1">
  <testcase classname="TestNGKeyWords.EnableUse" name="v" time="0.003"/>
  <system-out>
    <![CDATA[v is running]]>
  </system-out>
  <testcase classname="TestNGKeyWords.EnableUse" name="d" time="0.017"/>
  <system-out>
    <![CDATA[d is running]]>
  </system-out>
  <testcase classname="TestNGKeyWords.EnableUse" name="a">
    <skipped/>
  </testcase> <!-- a -->
  <system-out/>
</testsuite> <!-- TestNGKeyWords.EnableUse -->
