<?xml version="1.0" encoding="UTF-8"?>
<!-- Generated by org.testng.reporters.JUnitReportReporter -->
<testsuite hostname="HP" failures="0" tests="5" name="TestNGKeyWords.InvocationCountTest" time="0.063" errors="0" timestamp="2022-06-22T18:12:07 IST" skipped="0">
  <testcase classname="TestNGKeyWords.InvocationCountTest" name="myTest" time="0.006"/>
  <system-out>
    <![CDATA[My]]>
  </system-out>
  <testcase classname="TestNGKeyWords.InvocationCountTest" name="myTest" time="0.022"/>
  <system-out>
    <![CDATA[My]]>
  </system-out>
  <testcase classname="TestNGKeyWords.InvocationCountTest" name="myTest" time="0.023"/>
  <system-out>
    <![CDATA[My]]>
  </system-out>
  <testcase classname="TestNGKeyWords.InvocationCountTest" name="myTest" time="0.007"/>
  <system-out>
    <![CDATA[My]]>
  </system-out>
  <testcase classname="TestNGKeyWords.InvocationCountTest" name="myTest" time="0.005"/>
  <system-out>
    <![CDATA[My]]>
  </system-out>
</testsuite> <!-- TestNGKeyWords.InvocationCountTest -->
