<?xml version="1.0" encoding="UTF-8"?>
<!-- Generated by org.testng.reporters.JUnitReportReporter -->
<testsuite hostname="HP" failures="0" tests="1" name="TestNGSeriesAndParallelExecution.myExecution2" time="43.649" errors="0" timestamp="2022-06-26T15:21:31 IST" skipped="0">
  <testcase classname="TestNGSeriesAndParallelExecution.myExecution2" name="google" time="43.649"/>
  <system-out/>
</testsuite> <!-- TestNGSeriesAndParallelExecution.myExecution2 -->
