<?xml version="1.0" encoding="UTF-8"?>
<!-- Generated by org.testng.reporters.JUnitReportReporter -->
<testsuite hostname="HP" failures="0" tests="2" name="TestNGGrouping.myClass2" time="0.010" errors="0" timestamp="2022-06-24T13:31:13 IST" skipped="0">
  <testcase classname="TestNGGrouping.myClass2" name="q" time="0.004"/>
  <system-out>
    <![CDATA[q is running,regression]]>
  </system-out>
  <testcase classname="TestNGGrouping.myClass2" name="s" time="0.006"/>
  <system-out>
    <![CDATA[s is running,regression]]>
  </system-out>
</testsuite> <!-- TestNGGrouping.myClass2 -->
