<?xml version="1.0" encoding="UTF-8"?>
<!-- Generated by org.testng.reporters.JUnitReportReporter -->
<testsuite hostname="HP" failures="0" tests="3" name="TestNGKeyWords.PriorityUse" time="0.019" errors="0" timestamp="2022-06-23T12:52:49 IST" skipped="0">
  <testcase classname="TestNGKeyWords.PriorityUse" name="v" time="0.002"/>
  <system-out>
    <![CDATA[v is running]]>
  </system-out>
  <testcase classname="TestNGKeyWords.PriorityUse" name="d" time="0.015"/>
  <system-out>
    <![CDATA[d is running]]>
  </system-out>
  <testcase classname="TestNGKeyWords.PriorityUse" name="a" time="0.002"/>
  <system-out>
    <![CDATA[a is running]]>
  </system-out>
</testsuite> <!-- TestNGKeyWords.PriorityUse -->
