<?xml version="1.0" encoding="UTF-8"?>
<!-- Generated by org.testng.reporters.JUnitReportReporter -->
<testsuite hostname="HP" failures="0" tests="1" name="B_KiteTestUsingPropertyFile.ValidateKiteUserIDUsingProperty" time="21.510" errors="0" timestamp="2022-07-05T01:23:34 IST" skipped="0">
  <testcase classname="B_KiteTestUsingPropertyFile.ValidateKiteUserIDUsingProperty" name="ValidateUserID" time="21.510"/>
  <system-out/>
</testsuite> <!-- B_KiteTestUsingPropertyFile.ValidateKiteUserIDUsingProperty -->
