<?xml version="1.0" encoding="UTF-8"?>
<!-- Generated by org.testng.reporters.JUnitReportReporter -->
<testsuite hostname="HP" failures="0" tests="1" name="crossBrowserTest.FireFoxTest" time="137.264" errors="0" timestamp="2022-06-29T21:27:15 IST" skipped="0">
  <testcase classname="crossBrowserTest.FireFoxTest" name="myMethod" time="137.264"/>
  <system-out/>
</testsuite> <!-- crossBrowserTest.FireFoxTest -->
