<?xml version="1.0" encoding="UTF-8"?>
<!-- Generated by org.testng.reporters.JUnitReportReporter -->
<testsuite hostname="HP" failures="0" tests="1" name="KitePOMUsingTestNG.ValidateKiteAppUserName" time="8.824" errors="0" timestamp="2022-06-30T17:11:47 IST" skipped="0">
  <testcase classname="KitePOMUsingTestNG.ValidateKiteAppUserName" name="validateUserName" time="8.824"/>
  <system-out>
    <![CDATA[Validating User Name
Actual and Expected UN are matching TC PASSED]]>
  </system-out>
</testsuite> <!-- KitePOMUsingTestNG.ValidateKiteAppUserName -->
