<?xml version="1.0" encoding="UTF-8"?>
<!-- Generated by org.testng.reporters.JUnitReportReporter -->
<testsuite hostname="HP" failures="0" tests="3" name="TestNGKeyWords.DependsOnMethodUse" time="0.065" errors="0" timestamp="2022-06-23T13:12:12 IST" skipped="0">
  <testcase classname="TestNGKeyWords.DependsOnMethodUse" name="v" time="0.005"/>
  <system-out>
    <![CDATA[v is running]]>
  </system-out>
  <testcase classname="TestNGKeyWords.DependsOnMethodUse" name="a" time="0.025"/>
  <system-out>
    <![CDATA[a is running]]>
  </system-out>
  <testcase classname="TestNGKeyWords.DependsOnMethodUse" name="d" time="0.035"/>
  <system-out>
    <![CDATA[d is running]]>
  </system-out>
</testsuite> <!-- TestNGKeyWords.DependsOnMethodUse -->
