<?xml version="1.0" encoding="UTF-8"?>
<!-- Generated by org.testng.reporters.JUnitReportReporter -->
<testsuite hostname="HP" failures="0" tests="2" name="TestNGIncludeExclude.MyClass2" time="0.020" errors="0" timestamp="2022-06-28T09:19:34 IST" skipped="0">
  <testcase classname="TestNGIncludeExclude.MyClass2" name="z" time="0.012"/>
  <system-out>
    <![CDATA[z is running]]>
  </system-out>
  <testcase classname="TestNGIncludeExclude.MyClass2" name="y" time="0.008"/>
  <system-out>
    <![CDATA[y is running]]>
  </system-out>
</testsuite> <!-- TestNGIncludeExclude.MyClass2 -->
