<?xml version="1.0" encoding="UTF-8"?>
<!-- Generated by org.testng.reporters.JUnitReportReporter -->
<testsuite hostname="HP" failures="0" tests="2" name="TestNGStudy.Example1TestNG" time="35.512" errors="0" timestamp="2022-06-22T17:51:57 IST" skipped="0">
  <testcase classname="TestNGStudy.Example1TestNG" name="myMeyhod" time="20.602"/>
  <system-out>
    <![CDATA[This test are passed
This test are passed work nicely]]>
  </system-out>
  <testcase classname="TestNGStudy.Example1TestNG" name="myMeyhod1" time="14.910"/>
  <system-out/>
</testsuite> <!-- TestNGStudy.Example1TestNG -->
