<?xml version="1.0" encoding="UTF-8"?>
<!-- Generated by org.testng.reporters.JUnitReportReporter -->
<testsuite hostname="HP" failures="0" tests="1" name="TestNGIncludeExclude.MyClass1" time="0.052" errors="0" timestamp="2022-06-28T09:19:34 IST" skipped="0">
  <testcase classname="TestNGIncludeExclude.MyClass1" name="v" time="0.052"/>
  <system-out>
    <![CDATA[v is running]]>
  </system-out>
</testsuite> <!-- TestNGIncludeExclude.MyClass1 -->
